IAD_1508/Examples/WatchFace/Wearable/build/outputs/logs/manifest-merger-debug-report.txt
-- Merging decision tree log ---
manifest
ADDED from src/main/AndroidManifest.xml:17:1-193:12
	package
		ADDED from src/main/AndroidManifest.xml:18:9-57
	android:versionName
		INJECTED from src/main/AndroidManifest.xml
		INJECTED from src/main/AndroidManifest.xml
	xmlns:android
		ADDED from src/main/AndroidManifest.xml:17:11-69
	android:versionCode
		INJECTED from src/main/AndroidManifest.xml
		INJECTED from src/main/AndroidManifest.xml
uses-sdk
ADDED from src/main/AndroidManifest.xml:20:5-21:41
MERGED from [com.google.android.gms:play-services-wearable:7.3.0] AndroidManifest.xml:18:5-42
MERGED from [com.google.android.gms:play-services-base:7.3.0] AndroidManifest.xml:18:5-42
MERGED from [com.android.support:support-v4:22.1.0] AndroidManifest.xml:20:5-43
MERGED from [com.android.support:support-v13:22.1.0] AndroidManifest.xml:20:5-44
MERGED from [com.android.support:support-v4:22.1.0] AndroidManifest.xml:20:5-43
MERGED from [com.google.android.support:wearable:1.2.0] AndroidManifest.xml:4:5-6:41
MERGED from [com.android.support:recyclerview-v7:22.0.0] AndroidManifest.xml:20:5-43
MERGED from [com.android.support:support-v4:22.1.0] AndroidManifest.xml:20:5-43
MERGED from [com.android.support:support-v4:22.1.0] AndroidManifest.xml:20:5-43
	android:targetSdkVersion
		ADDED from src/main/AndroidManifest.xml:21:9-38
	android:minSdkVersion
		ADDED from src/main/AndroidManifest.xml:20:15-41
uses-feature#android.hardware.type.watch
ADDED from src/main/AndroidManifest.xml:23:5-64
	android:name
		ADDED from src/main/AndroidManifest.xml:23:19-61
uses-permission#com.google.android.permission.PROVIDE_BACKGROUND
ADDED from src/main/AndroidManifest.xml:26:5-88
	android:name
		ADDED from src/main/AndroidManifest.xml:26:22-85
uses-permission#android.permission.WAKE_LOCK
ADDED from src/main/AndroidManifest.xml:27:5-68
	android:name
		ADDED from src/main/AndroidManifest.xml:27:22-65
uses-permission#android.permission.READ_CALENDAR
ADDED from src/main/AndroidManifest.xml:30:5-72
	android:name
		ADDED from src/main/AndroidManifest.xml:30:22-69
application
ADDED from src/main/AndroidManifest.xml:32:5-191:19
MERGED from [com.google.android.gms:play-services-wearable:7.3.0] AndroidManifest.xml:19:5-20
MERGED from [com.google.android.gms:play-services-base:7.3.0] AndroidManifest.xml:20:5-24:19
MERGED from [com.android.support:support-v4:22.1.0] AndroidManifest.xml:22:5-20
MERGED from [com.android.support:support-v13:22.1.0] AndroidManifest.xml:22:5-20
MERGED from [com.android.support:support-v4:22.1.0] AndroidManifest.xml:22:5-20
MERGED from [com.google.android.support:wearable:1.2.0] AndroidManifest.xml:8:5-20
MERGED from [com.android.support:recyclerview-v7:22.0.0] AndroidManifest.xml:22:5-26:19
MERGED from [com.android.support:support-v4:22.1.0] AndroidManifest.xml:22:5-20
MERGED from [com.android.support:support-v4:22.1.0] AndroidManifest.xml:22:5-20
	android:label
		ADDED from src/main/AndroidManifest.xml:35:13-45
	android:allowBackup
		ADDED from src/main/AndroidManifest.xml:33:13-39
	android:icon
		ADDED from src/main/AndroidManifest.xml:34:13-49
service#com.example.android.wearable.watchface.AnalogWatchFaceService
ADDED from src/main/AndroidManifest.xml:37:9-57:19
	android:label
		ADDED from src/main/AndroidManifest.xml:39:17-52
	android:permission
		ADDED from src/main/AndroidManifest.xml:40:17-71
	android:name
		ADDED from src/main/AndroidManifest.xml:38:17-55
meta-data#android.service.wallpaper
ADDED from src/main/AndroidManifest.xml:41:13-43:58
	android:resource
		ADDED from src/main/AndroidManifest.xml:43:21-55
	android:name
		ADDED from src/main/AndroidManifest.xml:42:21-61
meta-data#com.google.android.wearable.watchface.preview
ADDED from src/main/AndroidManifest.xml:44:13-46:67
	android:resource
		ADDED from src/main/AndroidManifest.xml:46:21-64
	android:name
		ADDED from src/main/AndroidManifest.xml:45:21-81
meta-data#com.google.android.wearable.watchface.preview_circular
ADDED from src/main/AndroidManifest.xml:47:13-49:76
	android:resource
		ADDED from src/main/AndroidManifest.xml:49:21-73
	android:name
		ADDED from src/main/AndroidManifest.xml:48:21-90
meta-data#com.google.android.wearable.watchface.companionConfigurationAction
ADDED from src/main/AndroidManifest.xml:50:13-52:92
	android:value
		ADDED from src/main/AndroidManifest.xml:52:21-89
	android:name
		ADDED from src/main/AndroidManifest.xml:51:21-102
intent-filter#android.service.wallpaper.WallpaperService+com.google.android.wearable.watchface.category.WATCH_FACE
ADDED from src/main/AndroidManifest.xml:53:13-56:29
action#android.service.wallpaper.WallpaperService
ADDED from src/main/AndroidManifest.xml:54:17-85
	android:name
		ADDED from src/main/AndroidManifest.xml:54:25-82
category#com.google.android.wearable.watchface.category.WATCH_FACE
ADDED from src/main/AndroidManifest.xml:55:17-102
	android:name
		ADDED from src/main/AndroidManifest.xml:55:27-99
service#com.example.android.wearable.watchface.SweepWatchFaceService
ADDED from src/main/AndroidManifest.xml:59:9-76:19
	android:label
		ADDED from src/main/AndroidManifest.xml:61:17-51
	android:permission
		ADDED from src/main/AndroidManifest.xml:62:17-71
	android:name
		ADDED from src/main/AndroidManifest.xml:60:17-54
service#com.example.android.wearable.watchface.TiltWatchFaceService
ADDED from src/main/AndroidManifest.xml:78:9-99:19
	android:label
		ADDED from src/main/AndroidManifest.xml:80:17-50
	android:permission
		ADDED from src/main/AndroidManifest.xml:81:17-71
	android:name
		ADDED from src/main/AndroidManifest.xml:79:17-53
service#com.example.android.wearable.watchface.CardBoundsWatchFaceService
ADDED from src/main/AndroidManifest.xml:101:9-121:19
	android:label
		ADDED from src/main/AndroidManifest.xml:103:17-57
	android:permission
		ADDED from src/main/AndroidManifest.xml:104:17-71
	android:name
		ADDED from src/main/AndroidManifest.xml:102:17-59
service#com.example.android.wearable.watchface.DigitalWatchFaceService
ADDED from src/main/AndroidManifest.xml:123:9-146:19
	android:label
		ADDED from src/main/AndroidManifest.xml:125:17-53
	android:permission
		ADDED from src/main/AndroidManifest.xml:126:17-71
	android:name
		ADDED from src/main/AndroidManifest.xml:124:17-56
meta-data#com.google.android.wearable.watchface.wearableConfigurationAction
ADDED from src/main/AndroidManifest.xml:139:13-141:93
	android:value
		ADDED from src/main/AndroidManifest.xml:141:21-90
	android:name
		ADDED from src/main/AndroidManifest.xml:140:21-101
activity#com.example.android.wearable.watchface.DigitalWatchFaceWearableConfigActivity
ADDED from src/main/AndroidManifest.xml:152:9-160:20
	android:label
		ADDED from src/main/AndroidManifest.xml:154:17-60
	android:name
		ADDED from src/main/AndroidManifest.xml:153:17-71
intent-filter#android.intent.category.DEFAULT+com.example.android.wearable.watchface.CONFIG_DIGITAL+com.google.android.wearable.watchface.category.WEARABLE_CONFIGURATION
ADDED from src/main/AndroidManifest.xml:155:13-159:29
action#com.example.android.wearable.watchface.CONFIG_DIGITAL
ADDED from src/main/AndroidManifest.xml:156:17-96
	android:name
		ADDED from src/main/AndroidManifest.xml:156:25-93
category#com.google.android.wearable.watchface.category.WEARABLE_CONFIGURATION
ADDED from src/main/AndroidManifest.xml:157:17-114
	android:name
		ADDED from src/main/AndroidManifest.xml:157:27-111
category#android.intent.category.DEFAULT
ADDED from src/main/AndroidManifest.xml:158:17-76
	android:name
		ADDED from src/main/AndroidManifest.xml:158:27-73
service#com.example.android.wearable.watchface.CalendarWatchFaceService
ADDED from src/main/AndroidManifest.xml:162:9-179:19
	android:label
		ADDED from src/main/AndroidManifest.xml:164:17-54
	android:permission
		ADDED from src/main/AndroidManifest.xml:165:17-71
	android:name
		ADDED from src/main/AndroidManifest.xml:163:17-57
service#com.example.android.wearable.watchface.DigitalWatchFaceConfigListenerService
ADDED from src/main/AndroidManifest.xml:181:9-185:19
	android:name
		ADDED from src/main/AndroidManifest.xml:181:18-71
intent-filter#com.google.android.gms.wearable.BIND_LISTENER
ADDED from src/main/AndroidManifest.xml:182:13-184:29
action#com.google.android.gms.wearable.BIND_LISTENER
ADDED from src/main/AndroidManifest.xml:183:17-88
	android:name
		ADDED from src/main/AndroidManifest.xml:183:25-85
meta-data#com.google.android.gms.version
ADDED from src/main/AndroidManifest.xml:187:9-189:73
MERGED from [com.google.android.gms:play-services-base:7.3.0] AndroidManifest.xml:21:9-23:69
	android:value
		ADDED from src/main/AndroidManifest.xml:189:17-70
	android:name
		ADDED from src/main/AndroidManifest.xml:188:17-62
activity#android.support.v7.widget.TestActivity
ADDED from [com.android.support:recyclerview-v7:22.0.0] AndroidManifest.xml:23:9-25:56
	android:label
		ADDED from [com.android.support:recyclerview-v7:22.0.0] AndroidManifest.xml:25:13-53
	android:name
		ADDED from [com.android.support:recyclerview-v7:22.0.0] AndroidManifest.xml:24:13-66